QSystemTrayIcon::setVisible: No Icon set
chromedriver: процесс не найден
chromedriver: процесс не найден
/home/north/data/projects/Python/IsDev/Anime-parser/parser:362: DeprecationWarning: executable_path has been deprecated, please pass in a Service object
  driver = webdriver.Chrome(path.join(path.dirname(__file__), 'chromedriver'), options=option)
/home/north/data/projects/Python/IsDev/Anime-parser/parser:373: DeprecationWarning: find_elements_by_class_name is deprecated. Please use find_elements(by=By.CLASS_NAME, value=name) instead
  search_count_series = driver.find_elements_by_class_name('epizode')
/home/north/data/projects/Python/IsDev/Anime-parser/parser:374: DeprecationWarning: find_element_by_class_name is deprecated. Please use find_element(by=By.CLASS_NAME, value=name) instead
  name = driver.find_element_by_class_name('shortstoryHead').text
/home/north/data/projects/Python/IsDev/Anime-parser/parser:375: DeprecationWarning: find_element_by_class_name is deprecated. Please use find_element(by=By.CLASS_NAME, value=name) instead
  next = driver.find_element_by_class_name('next')
/home/north/data/projects/Python/IsDev/Anime-parser/parser:411: DeprecationWarning: find_elements_by_tag_name is deprecated. Please use find_elements(by=By.TAG_NAME, value=name) instead
  iframe = driver.find_elements_by_tag_name('iframe')
/home/north/data/projects/Python/IsDev/Anime-parser/parser:415: DeprecationWarning: find_elements_by_class_name is deprecated. Please use find_elements(by=By.CLASS_NAME, value=name) instead
  down = driver.find_elements_by_class_name('butt')
Окно или вкладка откроются в текущем сеансе браузера.
[2571363:2571363:0100/000000.574340:ERROR:sandbox_linux.cc(377)] InitializeSandbox() called with multiple threads in process gpu-process.
Окно или вкладка откроются в текущем сеансе браузера.
[2573135:2573135:0100/000000.929571:ERROR:sandbox_linux.cc(377)] InitializeSandbox() called with multiple threads in process gpu-process.
Traceback (most recent call last):
  File "/home/north/data/projects/Python/IsDev/Anime-parser/parser", line 1247, in updateNumber
    self.ui.lcdNumber_2.display(data['manga']['numbers'][index])
IndexError: list index out of range
